<?xml version="1.0" encoding="UTF-8"?>
<!-- Generated by org.testng.reporters.JUnitReportReporter -->
<testsuite hostname="LAPTOP-OOJD2GM0" failures="0" tests="1" name="testFiles.LoginPage" time="16.744" errors="0" timestamp="2022-11-11T11:56:53 IST" skipped="0">
  <testcase classname="testFiles.LoginPage" name="launchApplication" time="16.744"/>
  <system-out/>
</testsuite> <!-- testFiles.LoginPage -->
